<?xml version="1.0" encoding="UTF-8"?>
<!-- Generated by org.testng.reporters.JUnitXMLReporter -->
<testsuite hostname="wkuk402222" name="IgniteTest" tests="1" failures="1" timestamp="11 May 2016 15:24:25 GMT" time="3.434" errors="0">
  <testcase name="StartTest" time="3.4" classname="automationFramework.FrameworkDriver">
    <failure type="java.lang.NullPointerException">
      <![CDATA[java.lang.NullPointerException
	at SpiraTest.SpiraReader.ExtractTestSteps(SpiraReader.java:59)
	at automationFramework.FrameworkDriver.StartTest(FrameworkDriver.java:137)
	at automationFramework.TestAction.main(TestAction.java:90)
... Removed 22 stack frames]]>
    </failure>
  </testcase> <!-- StartTest -->
</testsuite> <!-- IgniteTest -->